{"/home/sss/Projects/insection/lib/Insection.js":{"path":"/home/sss/Projects/insection/lib/Insection.js","s":{"1":1,"2":1,"3":1,"4":1,"5":2681,"6":2681,"7":720,"8":1961,"9":1961,"10":1961,"11":1209,"12":1961,"13":732,"14":1961,"15":1137,"16":1961,"17":1,"18":26,"19":4,"20":22,"21":5,"22":17,"23":1,"24":1393,"25":220,"26":1173,"27":971,"28":202,"29":9,"30":193,"31":141,"32":52,"33":1,"34":51,"35":1,"36":50,"37":1,"38":49,"39":1,"40":48,"41":1,"42":82,"43":1,"44":81,"45":81,"46":1269,"47":1269,"48":1243,"49":26,"50":1,"51":1149,"52":546,"53":541,"54":5,"55":603,"56":197,"57":406,"58":406,"59":406,"60":6,"61":400,"62":1,"63":0,"64":1,"65":7,"66":1,"67":479,"68":479,"69":479,"70":479,"71":479,"72":479,"73":1,"74":17,"75":17,"76":17,"77":17,"78":17,"79":17,"80":1,"81":48,"82":48,"83":1,"84":47,"85":1,"86":46,"87":124,"88":1,"89":48,"90":57,"91":48,"92":48,"93":1,"94":47,"95":47,"96":47,"97":303,"98":303,"99":267,"100":303,"101":303,"102":145,"103":303,"104":303,"105":111,"106":47,"107":1,"108":18,"109":88,"110":1,"111":15,"112":94,"113":1},"b":{"1":[720,1961],"2":[2681,1214],"3":[1209,752],"4":[1961,1467,259,259],"5":[732,1229],"6":[1961,1467,736,520],"7":[1137,824],"8":[1961,1768,677,228],"9":[4,22],"10":[5,17],"11":[220,1173],"12":[971,202],"13":[9,193],"14":[141,52],"15":[1,51],"16":[52,41],"17":[1,50],"18":[51,11],"19":[1,49],"20":[50,38],"21":[1,48],"22":[49,12],"23":[1,81],"24":[81,81],"25":[1243,26],"26":[546,603],"27":[541,5],"28":[197,406],"29":[6,400],"30":[406,405,401,400],"31":[400,1],"32":[1,47],"33":[1,46],"34":[5,43],"35":[1,47],"36":[267,36],"37":[145,158],"38":[303,145],"39":[111,192],"40":[303,153]},"f":{"1":2681,"2":26,"3":1393,"4":82,"5":1269,"6":1149,"7":0,"8":7,"9":479,"10":17,"11":48,"12":124,"13":48,"14":57,"15":18,"16":88,"17":15,"18":94},"fnMap":{"1":{"name":"augmenter","line":5,"loc":{"start":{"line":5,"column":0},"end":{"line":5,"column":32}}},"2":{"name":"defaultValueComparer","line":34,"loc":{"start":{"line":34,"column":0},"end":{"line":34,"column":36}}},"3":{"name":"intervalComparer","line":40,"loc":{"start":{"line":40,"column":0},"end":{"line":40,"column":32}}},"4":{"name":"Insection","line":52,"loc":{"start":{"line":52,"column":0},"end":{"line":52,"column":34}}},"5":{"name":"(anonymous_5)","line":58,"loc":{"start":{"line":58,"column":33},"end":{"line":58,"column":49}}},"6":{"name":"(anonymous_6)","line":65,"loc":{"start":{"line":65,"column":21},"end":{"line":65,"column":67}}},"7":{"name":"(anonymous_7)","line":92,"loc":{"start":{"line":92,"column":31},"end":{"line":92,"column":43}}},"8":{"name":"(anonymous_8)","line":97,"loc":{"start":{"line":97,"column":30},"end":{"line":97,"column":42}}},"9":{"name":"(anonymous_9)","line":101,"loc":{"start":{"line":101,"column":26},"end":{"line":101,"column":38}}},"10":{"name":"(anonymous_10)","line":111,"loc":{"start":{"line":111,"column":29},"end":{"line":111,"column":41}}},"11":{"name":"(anonymous_11)","line":121,"loc":{"start":{"line":121,"column":31},"end":{"line":121,"column":43}}},"12":{"name":"(anonymous_12)","line":131,"loc":{"start":{"line":131,"column":26},"end":{"line":131,"column":43}}},"13":{"name":"(anonymous_13)","line":136,"loc":{"start":{"line":136,"column":33},"end":{"line":136,"column":45}}},"14":{"name":"(anonymous_14)","line":138,"loc":{"start":{"line":138,"column":21},"end":{"line":138,"column":33}}},"15":{"name":"(anonymous_15)","line":170,"loc":{"start":{"line":170,"column":26},"end":{"line":170,"column":38}}},"16":{"name":"(anonymous_16)","line":171,"loc":{"start":{"line":171,"column":54},"end":{"line":171,"column":71}}},"17":{"name":"(anonymous_17)","line":176,"loc":{"start":{"line":176,"column":35},"end":{"line":176,"column":47}}},"18":{"name":"(anonymous_18)","line":177,"loc":{"start":{"line":177,"column":54},"end":{"line":177,"column":71}}}},"statementMap":{"1":{"start":{"line":1,"column":0},"end":{"line":1,"column":61}},"2":{"start":{"line":2,"column":0},"end":{"line":2,"column":37}},"3":{"start":{"line":3,"column":0},"end":{"line":3,"column":45}},"4":{"start":{"line":5,"column":0},"end":{"line":32,"column":1}},"5":{"start":{"line":6,"column":4},"end":{"line":6,"column":34}},"6":{"start":{"line":7,"column":4},"end":{"line":7,"column":38}},"7":{"start":{"line":7,"column":20},"end":{"line":7,"column":36}},"8":{"start":{"line":9,"column":4},"end":{"line":9,"column":28}},"9":{"start":{"line":10,"column":4},"end":{"line":10,"column":26}},"10":{"start":{"line":12,"column":4},"end":{"line":14,"column":5}},"11":{"start":{"line":13,"column":8},"end":{"line":13,"column":21}},"12":{"start":{"line":18,"column":4},"end":{"line":20,"column":5}},"13":{"start":{"line":19,"column":8},"end":{"line":19,"column":19}},"14":{"start":{"line":22,"column":4},"end":{"line":24,"column":5}},"15":{"start":{"line":23,"column":8},"end":{"line":23,"column":19}},"16":{"start":{"line":26,"column":4},"end":{"line":31,"column":6}},"17":{"start":{"line":34,"column":0},"end":{"line":38,"column":1}},"18":{"start":{"line":35,"column":4},"end":{"line":35,"column":29}},"19":{"start":{"line":35,"column":17},"end":{"line":35,"column":27}},"20":{"start":{"line":36,"column":4},"end":{"line":36,"column":28}},"21":{"start":{"line":36,"column":17},"end":{"line":36,"column":26}},"22":{"start":{"line":37,"column":4},"end":{"line":37,"column":13}},"23":{"start":{"line":40,"column":0},"end":{"line":50,"column":1}},"24":{"start":{"line":41,"column":4},"end":{"line":41,"column":41}},"25":{"start":{"line":41,"column":29},"end":{"line":41,"column":39}},"26":{"start":{"line":42,"column":4},"end":{"line":42,"column":40}},"27":{"start":{"line":42,"column":29},"end":{"line":42,"column":38}},"28":{"start":{"line":43,"column":4},"end":{"line":43,"column":37}},"29":{"start":{"line":43,"column":25},"end":{"line":43,"column":35}},"30":{"start":{"line":44,"column":4},"end":{"line":44,"column":36}},"31":{"start":{"line":44,"column":25},"end":{"line":44,"column":34}},"32":{"start":{"line":45,"column":4},"end":{"line":45,"column":59}},"33":{"start":{"line":45,"column":47},"end":{"line":45,"column":57}},"34":{"start":{"line":46,"column":4},"end":{"line":46,"column":58}},"35":{"start":{"line":46,"column":47},"end":{"line":46,"column":56}},"36":{"start":{"line":47,"column":4},"end":{"line":47,"column":55}},"37":{"start":{"line":47,"column":43},"end":{"line":47,"column":53}},"38":{"start":{"line":48,"column":4},"end":{"line":48,"column":54}},"39":{"start":{"line":48,"column":43},"end":{"line":48,"column":52}},"40":{"start":{"line":49,"column":4},"end":{"line":49,"column":13}},"41":{"start":{"line":52,"column":0},"end":{"line":63,"column":1}},"42":{"start":{"line":53,"column":4},"end":{"line":55,"column":5}},"43":{"start":{"line":54,"column":8},"end":{"line":54,"column":44}},"44":{"start":{"line":56,"column":4},"end":{"line":56,"column":58}},"45":{"start":{"line":58,"column":4},"end":{"line":62,"column":18}},"46":{"start":{"line":59,"column":8},"end":{"line":59,"column":57}},"47":{"start":{"line":60,"column":8},"end":{"line":60,"column":34}},"48":{"start":{"line":60,"column":23},"end":{"line":60,"column":32}},"49":{"start":{"line":61,"column":8},"end":{"line":61,"column":47}},"50":{"start":{"line":65,"column":0},"end":{"line":90,"column":2}},"51":{"start":{"line":66,"column":4},"end":{"line":72,"column":5}},"52":{"start":{"line":67,"column":8},"end":{"line":69,"column":9}},"53":{"start":{"line":68,"column":12},"end":{"line":68,"column":32}},"54":{"start":{"line":71,"column":8},"end":{"line":71,"column":72}},"55":{"start":{"line":74,"column":4},"end":{"line":76,"column":5}},"56":{"start":{"line":75,"column":8},"end":{"line":75,"column":72}},"57":{"start":{"line":78,"column":4},"end":{"line":78,"column":33}},"58":{"start":{"line":79,"column":4},"end":{"line":79,"column":29}},"59":{"start":{"line":80,"column":4},"end":{"line":87,"column":5}},"60":{"start":{"line":86,"column":8},"end":{"line":86,"column":50}},"61":{"start":{"line":89,"column":4},"end":{"line":89,"column":63}},"62":{"start":{"line":92,"column":0},"end":{"line":94,"column":2}},"63":{"start":{"line":93,"column":4},"end":{"line":93,"column":53}},"64":{"start":{"line":97,"column":0},"end":{"line":99,"column":2}},"65":{"start":{"line":98,"column":4},"end":{"line":98,"column":31}},"66":{"start":{"line":101,"column":0},"end":{"line":109,"column":2}},"67":{"start":{"line":102,"column":4},"end":{"line":102,"column":25}},"68":{"start":{"line":103,"column":4},"end":{"line":103,"column":68}},"69":{"start":{"line":104,"column":4},"end":{"line":104,"column":64}},"70":{"start":{"line":105,"column":4},"end":{"line":105,"column":48}},"71":{"start":{"line":107,"column":4},"end":{"line":107,"column":51}},"72":{"start":{"line":108,"column":4},"end":{"line":108,"column":16}},"73":{"start":{"line":111,"column":0},"end":{"line":119,"column":2}},"74":{"start":{"line":112,"column":4},"end":{"line":112,"column":25}},"75":{"start":{"line":113,"column":4},"end":{"line":113,"column":68}},"76":{"start":{"line":114,"column":4},"end":{"line":114,"column":64}},"77":{"start":{"line":115,"column":4},"end":{"line":115,"column":48}},"78":{"start":{"line":117,"column":4},"end":{"line":117,"column":54}},"79":{"start":{"line":118,"column":4},"end":{"line":118,"column":16}},"80":{"start":{"line":121,"column":0},"end":{"line":134,"column":2}},"81":{"start":{"line":122,"column":4},"end":{"line":122,"column":61}},"82":{"start":{"line":123,"column":4},"end":{"line":125,"column":5}},"83":{"start":{"line":124,"column":8},"end":{"line":124,"column":21}},"84":{"start":{"line":127,"column":4},"end":{"line":129,"column":5}},"85":{"start":{"line":128,"column":8},"end":{"line":128,"column":21}},"86":{"start":{"line":131,"column":4},"end":{"line":133,"column":16}},"87":{"start":{"line":132,"column":8},"end":{"line":132,"column":58}},"88":{"start":{"line":136,"column":0},"end":{"line":168,"column":2}},"89":{"start":{"line":137,"column":4},"end":{"line":139,"column":50}},"90":{"start":{"line":138,"column":35},"end":{"line":138,"column":47}},"91":{"start":{"line":141,"column":4},"end":{"line":141,"column":30}},"92":{"start":{"line":142,"column":4},"end":{"line":144,"column":5}},"93":{"start":{"line":143,"column":8},"end":{"line":143,"column":18}},"94":{"start":{"line":146,"column":4},"end":{"line":146,"column":20}},"95":{"start":{"line":147,"column":4},"end":{"line":147,"column":33}},"96":{"start":{"line":149,"column":4},"end":{"line":165,"column":5}},"97":{"start":{"line":150,"column":8},"end":{"line":150,"column":31}},"98":{"start":{"line":152,"column":8},"end":{"line":154,"column":9}},"99":{"start":{"line":153,"column":12},"end":{"line":153,"column":36}},"100":{"start":{"line":156,"column":8},"end":{"line":156,"column":29}},"101":{"start":{"line":157,"column":8},"end":{"line":159,"column":9}},"102":{"start":{"line":158,"column":12},"end":{"line":158,"column":29}},"103":{"start":{"line":161,"column":8},"end":{"line":161,"column":31}},"104":{"start":{"line":162,"column":8},"end":{"line":164,"column":9}},"105":{"start":{"line":163,"column":12},"end":{"line":163,"column":30}},"106":{"start":{"line":167,"column":4},"end":{"line":167,"column":18}},"107":{"start":{"line":170,"column":0},"end":{"line":174,"column":2}},"108":{"start":{"line":171,"column":4},"end":{"line":173,"column":7}},"109":{"start":{"line":172,"column":8},"end":{"line":172,"column":27}},"110":{"start":{"line":176,"column":0},"end":{"line":180,"column":2}},"111":{"start":{"line":177,"column":4},"end":{"line":179,"column":7}},"112":{"start":{"line":178,"column":8},"end":{"line":178,"column":30}},"113":{"start":{"line":182,"column":0},"end":{"line":182,"column":27}}},"branchMap":{"1":{"line":7,"type":"if","locations":[{"start":{"line":7,"column":4},"end":{"line":7,"column":4}},{"start":{"line":7,"column":4},"end":{"line":7,"column":4}}]},"2":{"line":7,"type":"binary-expr","locations":[{"start":{"line":7,"column":8},"end":{"line":7,"column":10}},{"start":{"line":7,"column":14},"end":{"line":7,"column":16}}]},"3":{"line":12,"type":"if","locations":[{"start":{"line":12,"column":4},"end":{"line":12,"column":4}},{"start":{"line":12,"column":4},"end":{"line":12,"column":4}}]},"4":{"line":12,"type":"binary-expr","locations":[{"start":{"line":12,"column":8},"end":{"line":12,"column":9}},{"start":{"line":12,"column":14},"end":{"line":12,"column":38}},{"start":{"line":12,"column":43},"end":{"line":12,"column":69}},{"start":{"line":12,"column":73},"end":{"line":12,"column":95}}]},"5":{"line":18,"type":"if","locations":[{"start":{"line":18,"column":4},"end":{"line":18,"column":4}},{"start":{"line":18,"column":4},"end":{"line":18,"column":4}}]},"6":{"line":18,"type":"binary-expr","locations":[{"start":{"line":18,"column":8},"end":{"line":18,"column":9}},{"start":{"line":18,"column":14},"end":{"line":18,"column":32}},{"start":{"line":18,"column":37},"end":{"line":18,"column":57}},{"start":{"line":18,"column":61},"end":{"line":18,"column":79}}]},"7":{"line":22,"type":"if","locations":[{"start":{"line":22,"column":4},"end":{"line":22,"column":4}},{"start":{"line":22,"column":4},"end":{"line":22,"column":4}}]},"8":{"line":22,"type":"binary-expr","locations":[{"start":{"line":22,"column":8},"end":{"line":22,"column":9}},{"start":{"line":22,"column":14},"end":{"line":22,"column":32}},{"start":{"line":22,"column":37},"end":{"line":22,"column":57}},{"start":{"line":22,"column":61},"end":{"line":22,"column":79}}]},"9":{"line":35,"type":"if","locations":[{"start":{"line":35,"column":4},"end":{"line":35,"column":4}},{"start":{"line":35,"column":4},"end":{"line":35,"column":4}}]},"10":{"line":36,"type":"if","locations":[{"start":{"line":36,"column":4},"end":{"line":36,"column":4}},{"start":{"line":36,"column":4},"end":{"line":36,"column":4}}]},"11":{"line":41,"type":"if","locations":[{"start":{"line":41,"column":4},"end":{"line":41,"column":4}},{"start":{"line":41,"column":4},"end":{"line":41,"column":4}}]},"12":{"line":42,"type":"if","locations":[{"start":{"line":42,"column":4},"end":{"line":42,"column":4}},{"start":{"line":42,"column":4},"end":{"line":42,"column":4}}]},"13":{"line":43,"type":"if","locations":[{"start":{"line":43,"column":4},"end":{"line":43,"column":4}},{"start":{"line":43,"column":4},"end":{"line":43,"column":4}}]},"14":{"line":44,"type":"if","locations":[{"start":{"line":44,"column":4},"end":{"line":44,"column":4}},{"start":{"line":44,"column":4},"end":{"line":44,"column":4}}]},"15":{"line":45,"type":"if","locations":[{"start":{"line":45,"column":4},"end":{"line":45,"column":4}},{"start":{"line":45,"column":4},"end":{"line":45,"column":4}}]},"16":{"line":45,"type":"binary-expr","locations":[{"start":{"line":45,"column":8},"end":{"line":45,"column":24}},{"start":{"line":45,"column":28},"end":{"line":45,"column":43}}]},"17":{"line":46,"type":"if","locations":[{"start":{"line":46,"column":4},"end":{"line":46,"column":4}},{"start":{"line":46,"column":4},"end":{"line":46,"column":4}}]},"18":{"line":46,"type":"binary-expr","locations":[{"start":{"line":46,"column":8},"end":{"line":46,"column":23}},{"start":{"line":46,"column":27},"end":{"line":46,"column":43}}]},"19":{"line":47,"type":"if","locations":[{"start":{"line":47,"column":4},"end":{"line":47,"column":4}},{"start":{"line":47,"column":4},"end":{"line":47,"column":4}}]},"20":{"line":47,"type":"binary-expr","locations":[{"start":{"line":47,"column":8},"end":{"line":47,"column":22}},{"start":{"line":47,"column":26},"end":{"line":47,"column":39}}]},"21":{"line":48,"type":"if","locations":[{"start":{"line":48,"column":4},"end":{"line":48,"column":4}},{"start":{"line":48,"column":4},"end":{"line":48,"column":4}}]},"22":{"line":48,"type":"binary-expr","locations":[{"start":{"line":48,"column":8},"end":{"line":48,"column":21}},{"start":{"line":48,"column":25},"end":{"line":48,"column":39}}]},"23":{"line":53,"type":"if","locations":[{"start":{"line":53,"column":4},"end":{"line":53,"column":4}},{"start":{"line":53,"column":4},"end":{"line":53,"column":4}}]},"24":{"line":56,"type":"binary-expr","locations":[{"start":{"line":56,"column":20},"end":{"line":56,"column":33}},{"start":{"line":56,"column":37},"end":{"line":56,"column":57}}]},"25":{"line":60,"type":"if","locations":[{"start":{"line":60,"column":8},"end":{"line":60,"column":8}},{"start":{"line":60,"column":8},"end":{"line":60,"column":8}}]},"26":{"line":66,"type":"if","locations":[{"start":{"line":66,"column":4},"end":{"line":66,"column":4}},{"start":{"line":66,"column":4},"end":{"line":66,"column":4}}]},"27":{"line":67,"type":"if","locations":[{"start":{"line":67,"column":8},"end":{"line":67,"column":8}},{"start":{"line":67,"column":8},"end":{"line":67,"column":8}}]},"28":{"line":74,"type":"if","locations":[{"start":{"line":74,"column":4},"end":{"line":74,"column":4}},{"start":{"line":74,"column":4},"end":{"line":74,"column":4}}]},"29":{"line":80,"type":"if","locations":[{"start":{"line":80,"column":4},"end":{"line":80,"column":4}},{"start":{"line":80,"column":4},"end":{"line":80,"column":4}}]},"30":{"line":81,"type":"binary-expr","locations":[{"start":{"line":81,"column":8},"end":{"line":81,"column":30}},{"start":{"line":82,"column":12},"end":{"line":82,"column":23}},{"start":{"line":83,"column":12},"end":{"line":83,"column":33}},{"start":{"line":84,"column":12},"end":{"line":84,"column":63}}]},"31":{"line":84,"type":"binary-expr","locations":[{"start":{"line":84,"column":14},"end":{"line":84,"column":36}},{"start":{"line":84,"column":40},"end":{"line":84,"column":62}}]},"32":{"line":123,"type":"if","locations":[{"start":{"line":123,"column":4},"end":{"line":123,"column":4}},{"start":{"line":123,"column":4},"end":{"line":123,"column":4}}]},"33":{"line":127,"type":"if","locations":[{"start":{"line":127,"column":4},"end":{"line":127,"column":4}},{"start":{"line":127,"column":4},"end":{"line":127,"column":4}}]},"34":{"line":137,"type":"cond-expr","locations":[{"start":{"line":138,"column":8},"end":{"line":138,"column":51}},{"start":{"line":139,"column":8},"end":{"line":139,"column":49}}]},"35":{"line":142,"type":"if","locations":[{"start":{"line":142,"column":4},"end":{"line":142,"column":4}},{"start":{"line":142,"column":4},"end":{"line":142,"column":4}}]},"36":{"line":152,"type":"if","locations":[{"start":{"line":152,"column":8},"end":{"line":152,"column":8}},{"start":{"line":152,"column":8},"end":{"line":152,"column":8}}]},"37":{"line":157,"type":"if","locations":[{"start":{"line":157,"column":8},"end":{"line":157,"column":8}},{"start":{"line":157,"column":8},"end":{"line":157,"column":8}}]},"38":{"line":157,"type":"binary-expr","locations":[{"start":{"line":157,"column":12},"end":{"line":157,"column":16}},{"start":{"line":157,"column":20},"end":{"line":157,"column":61}}]},"39":{"line":162,"type":"if","locations":[{"start":{"line":162,"column":8},"end":{"line":162,"column":8}},{"start":{"line":162,"column":8},"end":{"line":162,"column":8}}]},"40":{"line":162,"type":"binary-expr","locations":[{"start":{"line":162,"column":12},"end":{"line":162,"column":17}},{"start":{"line":162,"column":21},"end":{"line":162,"column":63}}]}}},"/home/sss/Projects/insection/lib/InvalidIntervalError.js":{"path":"/home/sss/Projects/insection/lib/InvalidIntervalError.js","s":{"1":1,"2":11,"3":11,"4":11,"5":11,"6":1,"7":1},"b":{},"f":{"1":11},"fnMap":{"1":{"name":"InvalidIntervalError","line":1,"loc":{"start":{"line":1,"column":-15},"end":{"line":1,"column":36}}}},"statementMap":{"1":{"start":{"line":1,"column":-15},"end":{"line":13,"column":1}},"2":{"start":{"line":2,"column":4},"end":{"line":2,"column":59}},"3":{"start":{"line":3,"column":4},"end":{"line":3,"column":37}},"4":{"start":{"line":4,"column":4},"end":{"line":11,"column":30}},"5":{"start":{"line":12,"column":4},"end":{"line":12,"column":35}},"6":{"start":{"line":14,"column":0},"end":{"line":14,"column":64}},"7":{"start":{"line":16,"column":0},"end":{"line":16,"column":38}}},"branchMap":{}},"/home/sss/Projects/insection/lib/Interval.js":{"path":"/home/sss/Projects/insection/lib/Interval.js","s":{"1":1,"2":1,"3":3277,"4":1,"5":2356,"6":2356,"7":1,"8":2361,"9":1114,"10":1,"11":1113,"12":338,"13":1,"14":337,"15":711,"16":1,"17":710,"18":196,"19":2,"20":1,"21":346,"22":1,"23":604,"24":1,"25":196,"26":196,"27":196,"28":1,"29":1,"30":27,"31":1,"32":22,"33":1,"34":710,"35":710,"36":710,"37":1,"38":1,"39":23,"40":1,"41":161,"42":1,"43":337,"44":337,"45":337,"46":1,"47":1,"48":112,"49":1,"50":78,"51":1,"52":1113,"53":1113,"54":1113,"55":1,"56":1,"57":439,"58":1,"59":825,"60":1},"b":{"1":[3277,3275],"2":[1114,338,711,196,2],"3":[1,1113],"4":[1114,1114],"5":[1,337],"6":[1,710],"7":[44,302],"8":[604,557,554,159,145,536,42,30]},"f":{"1":3277,"2":2356,"3":2361,"4":346,"5":604,"6":196,"7":27,"8":22,"9":710,"10":23,"11":161,"12":337,"13":112,"14":78,"15":1113,"16":439,"17":825},"fnMap":{"1":{"name":"isInfinite","line":3,"loc":{"start":{"line":3,"column":0},"end":{"line":3,"column":27}}},"2":{"name":"Interval","line":7,"loc":{"start":{"line":7,"column":0},"end":{"line":7,"column":30}}},"3":{"name":"(anonymous_3)","line":12,"loc":{"start":{"line":12,"column":18},"end":{"line":12,"column":64}}},"4":{"name":"(anonymous_4)","line":30,"loc":{"start":{"line":30,"column":30},"end":{"line":30,"column":50}}},"5":{"name":"(anonymous_5)","line":35,"loc":{"start":{"line":35,"column":31},"end":{"line":35,"column":48}}},"6":{"name":"OpenOpenInterval","line":47,"loc":{"start":{"line":47,"column":0},"end":{"line":47,"column":38}}},"7":{"name":"(anonymous_7)","line":53,"loc":{"start":{"line":53,"column":41},"end":{"line":53,"column":53}}},"8":{"name":"(anonymous_8)","line":54,"loc":{"start":{"line":54,"column":39},"end":{"line":54,"column":51}}},"9":{"name":"OpenClosedInterval","line":56,"loc":{"start":{"line":56,"column":0},"end":{"line":56,"column":40}}},"10":{"name":"(anonymous_10)","line":62,"loc":{"start":{"line":62,"column":43},"end":{"line":62,"column":55}}},"11":{"name":"(anonymous_11)","line":63,"loc":{"start":{"line":63,"column":41},"end":{"line":63,"column":53}}},"12":{"name":"ClosedOpenInterval","line":65,"loc":{"start":{"line":65,"column":0},"end":{"line":65,"column":40}}},"13":{"name":"(anonymous_13)","line":71,"loc":{"start":{"line":71,"column":43},"end":{"line":71,"column":55}}},"14":{"name":"(anonymous_14)","line":72,"loc":{"start":{"line":72,"column":41},"end":{"line":72,"column":53}}},"15":{"name":"ClosedClosedInterval","line":74,"loc":{"start":{"line":74,"column":0},"end":{"line":74,"column":42}}},"16":{"name":"(anonymous_16)","line":80,"loc":{"start":{"line":80,"column":45},"end":{"line":80,"column":57}}},"17":{"name":"(anonymous_17)","line":81,"loc":{"start":{"line":81,"column":43},"end":{"line":81,"column":55}}}},"statementMap":{"1":{"start":{"line":1,"column":0},"end":{"line":1,"column":61}},"2":{"start":{"line":3,"column":0},"end":{"line":5,"column":1}},"3":{"start":{"line":4,"column":4},"end":{"line":4,"column":53}},"4":{"start":{"line":7,"column":0},"end":{"line":10,"column":1}},"5":{"start":{"line":8,"column":4},"end":{"line":8,"column":23}},"6":{"start":{"line":9,"column":4},"end":{"line":9,"column":19}},"7":{"start":{"line":12,"column":0},"end":{"line":28,"column":2}},"8":{"start":{"line":13,"column":4},"end":{"line":27,"column":5}},"9":{"start":{"line":15,"column":8},"end":{"line":17,"column":9}},"10":{"start":{"line":16,"column":12},"end":{"line":16,"column":54}},"11":{"start":{"line":18,"column":8},"end":{"line":18,"column":52}},"12":{"start":{"line":20,"column":8},"end":{"line":20,"column":77}},"13":{"start":{"line":20,"column":33},"end":{"line":20,"column":75}},"14":{"start":{"line":21,"column":8},"end":{"line":21,"column":50}},"15":{"start":{"line":23,"column":8},"end":{"line":23,"column":75}},"16":{"start":{"line":23,"column":31},"end":{"line":23,"column":73}},"17":{"start":{"line":24,"column":8},"end":{"line":24,"column":50}},"18":{"start":{"line":25,"column":15},"end":{"line":25,"column":55}},"19":{"start":{"line":26,"column":13},"end":{"line":26,"column":55}},"20":{"start":{"line":30,"column":0},"end":{"line":33,"column":2}},"21":{"start":{"line":31,"column":4},"end":{"line":32,"column":72}},"22":{"start":{"line":35,"column":0},"end":{"line":45,"column":2}},"23":{"start":{"line":36,"column":4},"end":{"line":44,"column":6}},"24":{"start":{"line":47,"column":0},"end":{"line":51,"column":1}},"25":{"start":{"line":48,"column":4},"end":{"line":48,"column":36}},"26":{"start":{"line":49,"column":4},"end":{"line":49,"column":27}},"27":{"start":{"line":50,"column":4},"end":{"line":50,"column":25}},"28":{"start":{"line":52,"column":0},"end":{"line":52,"column":63}},"29":{"start":{"line":53,"column":0},"end":{"line":53,"column":70}},"30":{"start":{"line":53,"column":55},"end":{"line":53,"column":67}},"31":{"start":{"line":54,"column":0},"end":{"line":54,"column":68}},"32":{"start":{"line":54,"column":53},"end":{"line":54,"column":65}},"33":{"start":{"line":56,"column":0},"end":{"line":60,"column":1}},"34":{"start":{"line":57,"column":4},"end":{"line":57,"column":36}},"35":{"start":{"line":58,"column":4},"end":{"line":58,"column":27}},"36":{"start":{"line":59,"column":4},"end":{"line":59,"column":25}},"37":{"start":{"line":61,"column":0},"end":{"line":61,"column":65}},"38":{"start":{"line":62,"column":0},"end":{"line":62,"column":72}},"39":{"start":{"line":62,"column":57},"end":{"line":62,"column":69}},"40":{"start":{"line":63,"column":0},"end":{"line":63,"column":71}},"41":{"start":{"line":63,"column":55},"end":{"line":63,"column":68}},"42":{"start":{"line":65,"column":0},"end":{"line":69,"column":1}},"43":{"start":{"line":66,"column":4},"end":{"line":66,"column":36}},"44":{"start":{"line":67,"column":4},"end":{"line":67,"column":27}},"45":{"start":{"line":68,"column":4},"end":{"line":68,"column":25}},"46":{"start":{"line":70,"column":0},"end":{"line":70,"column":65}},"47":{"start":{"line":71,"column":0},"end":{"line":71,"column":73}},"48":{"start":{"line":71,"column":57},"end":{"line":71,"column":70}},"49":{"start":{"line":72,"column":0},"end":{"line":72,"column":70}},"50":{"start":{"line":72,"column":55},"end":{"line":72,"column":67}},"51":{"start":{"line":74,"column":0},"end":{"line":78,"column":1}},"52":{"start":{"line":75,"column":4},"end":{"line":75,"column":36}},"53":{"start":{"line":76,"column":4},"end":{"line":76,"column":27}},"54":{"start":{"line":77,"column":4},"end":{"line":77,"column":25}},"55":{"start":{"line":79,"column":0},"end":{"line":79,"column":67}},"56":{"start":{"line":80,"column":0},"end":{"line":80,"column":75}},"57":{"start":{"line":80,"column":59},"end":{"line":80,"column":72}},"58":{"start":{"line":81,"column":0},"end":{"line":81,"column":73}},"59":{"start":{"line":81,"column":57},"end":{"line":81,"column":70}},"60":{"start":{"line":82,"column":0},"end":{"line":82,"column":26}}},"branchMap":{"1":{"line":4,"type":"binary-expr","locations":[{"start":{"line":4,"column":11},"end":{"line":4,"column":29}},{"start":{"line":4,"column":33},"end":{"line":4,"column":52}}]},"2":{"line":13,"type":"switch","locations":[{"start":{"line":14,"column":4},"end":{"line":18,"column":52}},{"start":{"line":19,"column":4},"end":{"line":21,"column":50}},{"start":{"line":22,"column":4},"end":{"line":24,"column":50}},{"start":{"line":25,"column":4},"end":{"line":25,"column":55}},{"start":{"line":26,"column":4},"end":{"line":26,"column":55}}]},"3":{"line":15,"type":"if","locations":[{"start":{"line":15,"column":8},"end":{"line":15,"column":8}},{"start":{"line":15,"column":8},"end":{"line":15,"column":8}}]},"4":{"line":15,"type":"binary-expr","locations":[{"start":{"line":15,"column":12},"end":{"line":15,"column":29}},{"start":{"line":15,"column":33},"end":{"line":15,"column":48}}]},"5":{"line":20,"type":"if","locations":[{"start":{"line":20,"column":8},"end":{"line":20,"column":8}},{"start":{"line":20,"column":8},"end":{"line":20,"column":8}}]},"6":{"line":23,"type":"if","locations":[{"start":{"line":23,"column":8},"end":{"line":23,"column":8}},{"start":{"line":23,"column":8},"end":{"line":23,"column":8}}]},"7":{"line":31,"type":"cond-expr","locations":[{"start":{"line":31,"column":22},"end":{"line":31,"column":131}},{"start":{"line":32,"column":8},"end":{"line":32,"column":71}}]},"8":{"line":38,"type":"binary-expr","locations":[{"start":{"line":38,"column":8},"end":{"line":38,"column":30}},{"start":{"line":40,"column":12},"end":{"line":40,"column":34}},{"start":{"line":42,"column":13},"end":{"line":42,"column":37}},{"start":{"line":42,"column":42},"end":{"line":42,"column":58}},{"start":{"line":42,"column":62},"end":{"line":42,"column":81}},{"start":{"line":43,"column":13},"end":{"line":43,"column":37}},{"start":{"line":43,"column":42},"end":{"line":43,"column":60}},{"start":{"line":43,"column":64},"end":{"line":43,"column":81}}]}}},"/home/sss/Projects/insection/lib/RedBlackTree.js":{"path":"/home/sss/Projects/insection/lib/RedBlackTree.js","s":{"1":1,"2":909,"3":1,"4":1,"5":1,"6":479,"7":479,"8":479,"9":479,"10":479,"11":1,"12":887,"13":0,"14":887,"15":1,"16":471,"17":0,"18":471,"19":1,"20":425,"21":0,"22":425,"23":1,"24":81,"25":81,"26":81,"27":81,"28":1,"29":2681,"30":1,"31":778,"32":778,"33":1903,"34":1903,"35":1,"36":793,"37":778,"38":778,"39":1,"40":534,"41":1,"42":479,"43":479,"44":62,"45":417,"46":417,"47":1215,"48":1215,"49":165,"50":92,"51":92,"52":73,"53":1050,"54":1049,"55":324,"56":324,"57":725,"58":1,"59":1,"60":416,"61":478,"62":478,"63":1,"64":63,"65":63,"66":178,"67":178,"68":70,"69":108,"70":70,"71":38,"72":25,"73":1,"74":46,"75":124,"76":46,"77":1,"78":17,"79":17,"80":54,"81":17,"82":1,"83":16,"84":4,"85":4,"86":2,"87":4,"88":4,"89":16,"90":16,"91":16,"92":8,"93":8,"94":16,"95":16,"96":16,"97":0,"98":1,"99":81,"100":1,"101":478,"102":1,"103":8,"104":1,"105":299,"106":100,"107":199,"108":39,"109":160,"110":299,"111":284,"112":1,"113":223,"114":223,"115":223,"116":223,"117":54,"118":223,"119":223,"120":223,"121":1,"122":60,"123":60,"124":60,"125":60,"126":0,"127":60,"128":60,"129":60,"130":1,"131":672,"132":135,"133":537,"134":1,"135":537,"136":112,"137":425,"138":1,"139":425,"140":425,"141":425,"142":194,"143":194,"144":194,"145":194,"146":231,"147":1,"148":231,"149":231,"150":25,"151":25,"152":206,"153":17,"154":17,"155":231,"156":1,"157":231,"158":231,"159":231,"160":231,"161":42,"162":189,"163":189,"164":1,"165":12,"166":12,"167":1,"168":12,"169":12,"170":2,"171":2,"172":2,"173":2,"174":0,"175":12,"176":1,"177":12,"178":12,"179":4,"180":4,"181":8,"182":1,"183":8,"184":8,"185":1,"186":1,"187":7,"188":1,"189":7,"190":7,"191":0,"192":0,"193":0,"194":7,"195":1,"196":1,"197":1,"198":7,"199":1,"200":7,"201":7,"202":7,"203":7,"204":6,"205":6,"206":1,"207":1,"208":1},"b":{"1":[23,886],"2":[0,887],"3":[0,471],"4":[104,367],"5":[0,425],"6":[2681,1467],"7":[2681,1768],"8":[778,778],"9":[778,15],"10":[62,417],"11":[165,1050],"12":[92,73],"13":[1049,1],"14":[324,725],"15":[70,108],"16":[70,38],"17":[46,22],"18":[1,16],"19":[4,12],"20":[16,4],"21":[15,1],"22":[8,8],"23":[0,16],"24":[100,199],"25":[39,160],"26":[284,15],"27":[54,169],"28":[0,60],"29":[135,537],"30":[112,425],"31":[194,231],"32":[425,242],"33":[25,206],"34":[231,197],"35":[17,189],"36":[206,34],"37":[42,189],"38":[231,42],"39":[189,0],"40":[189,189],"41":[12,0],"42":[2,10],"43":[2,0],"44":[4,8],"45":[12,8,8,8],"46":[1,7],"47":[8,4,4,4],"48":[0,7],"49":[7,6,6,0],"50":[1,6],"51":[7,1,1,1],"52":[6,1]},"f":{"1":909,"2":479,"3":887,"4":471,"5":425,"6":81,"7":2681,"8":778,"9":793,"10":534,"11":479,"12":63,"13":46,"14":124,"15":17,"16":54,"17":81,"18":478,"19":8,"20":299,"21":223,"22":60,"23":672,"24":537,"25":425,"26":231,"27":231,"28":12,"29":12,"30":12,"31":8,"32":7,"33":7},"fnMap":{"1":{"name":"nodeColor","line":4,"loc":{"start":{"line":4,"column":0},"end":{"line":4,"column":25}}},"2":{"name":"Node","line":11,"loc":{"start":{"line":11,"column":0},"end":{"line":11,"column":21}}},"3":{"name":"(anonymous_3)","line":19,"loc":{"start":{"line":19,"column":29},"end":{"line":19,"column":41}}},"4":{"name":"(anonymous_4)","line":24,"loc":{"start":{"line":24,"column":25},"end":{"line":24,"column":37}}},"5":{"name":"(anonymous_5)","line":29,"loc":{"start":{"line":29,"column":23},"end":{"line":29,"column":35}}},"6":{"name":"RedBlackTree","line":34,"loc":{"start":{"line":34,"column":0},"end":{"line":34,"column":46}}},"7":{"name":"(anonymous_7)","line":41,"loc":{"start":{"line":41,"column":37},"end":{"line":41,"column":53}}},"8":{"name":"(anonymous_8)","line":49,"loc":{"start":{"line":49,"column":42},"end":{"line":49,"column":58}}},"9":{"name":"(anonymous_9)","line":58,"loc":{"start":{"line":58,"column":49},"end":{"line":58,"column":65}}},"10":{"name":"(anonymous_10)","line":65,"loc":{"start":{"line":65,"column":33},"end":{"line":65,"column":45}}},"11":{"name":"(anonymous_11)","line":69,"loc":{"start":{"line":69,"column":29},"end":{"line":69,"column":46}}},"12":{"name":"(anonymous_12)","line":105,"loc":{"start":{"line":105,"column":34},"end":{"line":105,"column":55}}},"13":{"name":"(anonymous_13)","line":120,"loc":{"start":{"line":120,"column":30},"end":{"line":120,"column":51}}},"14":{"name":"(anonymous_14)","line":121,"loc":{"start":{"line":121,"column":29},"end":{"line":121,"column":45}}},"15":{"name":"(anonymous_15)","line":127,"loc":{"start":{"line":127,"column":32},"end":{"line":127,"column":49}}},"16":{"name":"(anonymous_16)","line":129,"loc":{"start":{"line":129,"column":29},"end":{"line":129,"column":45}}},"17":{"name":"Balancer","line":160,"loc":{"start":{"line":160,"column":0},"end":{"line":160,"column":24}}},"18":{"name":"(anonymous_18)","line":164,"loc":{"start":{"line":164,"column":30},"end":{"line":164,"column":46}}},"19":{"name":"(anonymous_19)","line":168,"loc":{"start":{"line":168,"column":29},"end":{"line":168,"column":45}}},"20":{"name":"(anonymous_20)","line":172,"loc":{"start":{"line":172,"column":33},"end":{"line":172,"column":66}}},"21":{"name":"(anonymous_21)","line":188,"loc":{"start":{"line":188,"column":32},"end":{"line":188,"column":48}}},"22":{"name":"(anonymous_22)","line":200,"loc":{"start":{"line":200,"column":33},"end":{"line":200,"column":49}}},"23":{"name":"(anonymous_23)","line":212,"loc":{"start":{"line":212,"column":33},"end":{"line":212,"column":49}}},"24":{"name":"(anonymous_24)","line":220,"loc":{"start":{"line":220,"column":33},"end":{"line":220,"column":49}}},"25":{"name":"(anonymous_25)","line":228,"loc":{"start":{"line":228,"column":33},"end":{"line":228,"column":49}}},"26":{"name":"(anonymous_26)","line":242,"loc":{"start":{"line":242,"column":33},"end":{"line":242,"column":49}}},"27":{"name":"(anonymous_27)","line":256,"loc":{"start":{"line":256,"column":33},"end":{"line":256,"column":49}}},"28":{"name":"(anonymous_28)","line":269,"loc":{"start":{"line":269,"column":33},"end":{"line":269,"column":49}}},"29":{"name":"(anonymous_29)","line":273,"loc":{"start":{"line":273,"column":33},"end":{"line":273,"column":49}}},"30":{"name":"(anonymous_30)","line":289,"loc":{"start":{"line":289,"column":33},"end":{"line":289,"column":49}}},"31":{"name":"(anonymous_31)","line":304,"loc":{"start":{"line":304,"column":33},"end":{"line":304,"column":49}}},"32":{"name":"(anonymous_32)","line":319,"loc":{"start":{"line":319,"column":33},"end":{"line":319,"column":49}}},"33":{"name":"(anonymous_33)","line":343,"loc":{"start":{"line":343,"column":33},"end":{"line":343,"column":49}}}},"statementMap":{"1":{"start":{"line":4,"column":0},"end":{"line":6,"column":1}},"2":{"start":{"line":5,"column":4},"end":{"line":5,"column":46}},"3":{"start":{"line":8,"column":0},"end":{"line":8,"column":20}},"4":{"start":{"line":9,"column":0},"end":{"line":9,"column":16}},"5":{"start":{"line":11,"column":0},"end":{"line":17,"column":1}},"6":{"start":{"line":12,"column":4},"end":{"line":12,"column":23}},"7":{"start":{"line":13,"column":4},"end":{"line":13,"column":21}},"8":{"start":{"line":14,"column":4},"end":{"line":14,"column":21}},"9":{"start":{"line":15,"column":4},"end":{"line":15,"column":22}},"10":{"start":{"line":16,"column":4},"end":{"line":16,"column":23}},"11":{"start":{"line":19,"column":0},"end":{"line":22,"column":2}},"12":{"start":{"line":20,"column":4},"end":{"line":20,"column":46}},"13":{"start":{"line":20,"column":32},"end":{"line":20,"column":44}},"14":{"start":{"line":21,"column":4},"end":{"line":21,"column":30}},"15":{"start":{"line":24,"column":0},"end":{"line":27,"column":2}},"16":{"start":{"line":25,"column":4},"end":{"line":25,"column":46}},"17":{"start":{"line":25,"column":32},"end":{"line":25,"column":44}},"18":{"start":{"line":26,"column":4},"end":{"line":26,"column":76}},"19":{"start":{"line":29,"column":0},"end":{"line":32,"column":2}},"20":{"start":{"line":30,"column":4},"end":{"line":30,"column":46}},"21":{"start":{"line":30,"column":32},"end":{"line":30,"column":44}},"22":{"start":{"line":31,"column":4},"end":{"line":31,"column":33}},"23":{"start":{"line":34,"column":0},"end":{"line":39,"column":1}},"24":{"start":{"line":35,"column":4},"end":{"line":35,"column":21}},"25":{"start":{"line":36,"column":4},"end":{"line":36,"column":31}},"26":{"start":{"line":37,"column":4},"end":{"line":37,"column":35}},"27":{"start":{"line":38,"column":4},"end":{"line":38,"column":39}},"28":{"start":{"line":41,"column":0},"end":{"line":47,"column":2}},"29":{"start":{"line":42,"column":4},"end":{"line":46,"column":6}},"30":{"start":{"line":49,"column":0},"end":{"line":56,"column":2}},"31":{"start":{"line":50,"column":4},"end":{"line":50,"column":31}},"32":{"start":{"line":52,"column":4},"end":{"line":55,"column":5}},"33":{"start":{"line":53,"column":8},"end":{"line":53,"column":31}},"34":{"start":{"line":54,"column":8},"end":{"line":54,"column":27}},"35":{"start":{"line":58,"column":0},"end":{"line":63,"column":2}},"36":{"start":{"line":59,"column":4},"end":{"line":62,"column":5}},"37":{"start":{"line":60,"column":8},"end":{"line":60,"column":31}},"38":{"start":{"line":61,"column":8},"end":{"line":61,"column":36}},"39":{"start":{"line":65,"column":0},"end":{"line":67,"column":2}},"40":{"start":{"line":66,"column":4},"end":{"line":66,"column":30}},"41":{"start":{"line":69,"column":0},"end":{"line":103,"column":2}},"42":{"start":{"line":70,"column":4},"end":{"line":70,"column":34}},"43":{"start":{"line":72,"column":4},"end":{"line":100,"column":5}},"44":{"start":{"line":73,"column":8},"end":{"line":73,"column":28}},"45":{"start":{"line":75,"column":8},"end":{"line":75,"column":29}},"46":{"start":{"line":77,"column":8},"end":{"line":97,"column":9}},"47":{"start":{"line":78,"column":12},"end":{"line":78,"column":54}},"48":{"start":{"line":79,"column":12},"end":{"line":96,"column":13}},"49":{"start":{"line":80,"column":16},"end":{"line":85,"column":17}},"50":{"start":{"line":81,"column":20},"end":{"line":81,"column":40}},"51":{"start":{"line":82,"column":20},"end":{"line":82,"column":26}},"52":{"start":{"line":84,"column":20},"end":{"line":84,"column":37}},"53":{"start":{"line":86,"column":19},"end":{"line":96,"column":13}},"54":{"start":{"line":87,"column":16},"end":{"line":92,"column":17}},"55":{"start":{"line":88,"column":20},"end":{"line":88,"column":41}},"56":{"start":{"line":89,"column":20},"end":{"line":89,"column":26}},"57":{"start":{"line":91,"column":20},"end":{"line":91,"column":38}},"58":{"start":{"line":94,"column":16},"end":{"line":94,"column":35}},"59":{"start":{"line":95,"column":16},"end":{"line":95,"column":23}},"60":{"start":{"line":99,"column":8},"end":{"line":99,"column":30}},"61":{"start":{"line":101,"column":4},"end":{"line":101,"column":42}},"62":{"start":{"line":102,"column":4},"end":{"line":102,"column":36}},"63":{"start":{"line":105,"column":0},"end":{"line":118,"column":2}},"64":{"start":{"line":106,"column":4},"end":{"line":106,"column":25}},"65":{"start":{"line":107,"column":4},"end":{"line":116,"column":5}},"66":{"start":{"line":108,"column":8},"end":{"line":108,"column":32}},"67":{"start":{"line":109,"column":8},"end":{"line":115,"column":9}},"68":{"start":{"line":110,"column":12},"end":{"line":110,"column":29}},"69":{"start":{"line":111,"column":15},"end":{"line":115,"column":9}},"70":{"start":{"line":112,"column":12},"end":{"line":112,"column":30}},"71":{"start":{"line":114,"column":12},"end":{"line":114,"column":24}},"72":{"start":{"line":117,"column":4},"end":{"line":117,"column":16}},"73":{"start":{"line":120,"column":0},"end":{"line":125,"column":2}},"74":{"start":{"line":121,"column":4},"end":{"line":123,"column":7}},"75":{"start":{"line":122,"column":8},"end":{"line":122,"column":37}},"76":{"start":{"line":124,"column":4},"end":{"line":124,"column":30}},"77":{"start":{"line":127,"column":0},"end":{"line":158,"column":2}},"78":{"start":{"line":128,"column":4},"end":{"line":128,"column":35}},"79":{"start":{"line":129,"column":4},"end":{"line":131,"column":7}},"80":{"start":{"line":130,"column":8},"end":{"line":130,"column":44}},"81":{"start":{"line":133,"column":4},"end":{"line":133,"column":34}},"82":{"start":{"line":133,"column":25},"end":{"line":133,"column":32}},"83":{"start":{"line":135,"column":4},"end":{"line":142,"column":5}},"84":{"start":{"line":136,"column":8},"end":{"line":136,"column":29}},"85":{"start":{"line":137,"column":8},"end":{"line":139,"column":9}},"86":{"start":{"line":138,"column":12},"end":{"line":138,"column":30}},"87":{"start":{"line":140,"column":8},"end":{"line":140,"column":32}},"88":{"start":{"line":141,"column":8},"end":{"line":141,"column":20}},"89":{"start":{"line":144,"column":4},"end":{"line":144,"column":39}},"90":{"start":{"line":146,"column":4},"end":{"line":146,"column":63}},"91":{"start":{"line":147,"column":4},"end":{"line":150,"column":5}},"92":{"start":{"line":148,"column":8},"end":{"line":148,"column":38}},"93":{"start":{"line":149,"column":8},"end":{"line":149,"column":36}},"94":{"start":{"line":152,"column":4},"end":{"line":152,"column":43}},"95":{"start":{"line":153,"column":4},"end":{"line":153,"column":40}},"96":{"start":{"line":155,"column":4},"end":{"line":157,"column":5}},"97":{"start":{"line":156,"column":8},"end":{"line":156,"column":32}},"98":{"start":{"line":160,"column":0},"end":{"line":162,"column":1}},"99":{"start":{"line":161,"column":4},"end":{"line":161,"column":21}},"100":{"start":{"line":164,"column":0},"end":{"line":166,"column":2}},"101":{"start":{"line":165,"column":4},"end":{"line":165,"column":27}},"102":{"start":{"line":168,"column":0},"end":{"line":170,"column":2}},"103":{"start":{"line":169,"column":4},"end":{"line":169,"column":27}},"104":{"start":{"line":172,"column":0},"end":{"line":186,"column":2}},"105":{"start":{"line":173,"column":4},"end":{"line":181,"column":5}},"106":{"start":{"line":174,"column":8},"end":{"line":174,"column":37}},"107":{"start":{"line":176,"column":8},"end":{"line":180,"column":9}},"108":{"start":{"line":177,"column":12},"end":{"line":177,"column":47}},"109":{"start":{"line":179,"column":12},"end":{"line":179,"column":48}},"110":{"start":{"line":183,"column":4},"end":{"line":185,"column":5}},"111":{"start":{"line":184,"column":8},"end":{"line":184,"column":45}},"112":{"start":{"line":188,"column":0},"end":{"line":198,"column":2}},"113":{"start":{"line":189,"column":4},"end":{"line":189,"column":27}},"114":{"start":{"line":190,"column":4},"end":{"line":190,"column":34}},"115":{"start":{"line":193,"column":4},"end":{"line":193,"column":28}},"116":{"start":{"line":194,"column":4},"end":{"line":194,"column":58}},"117":{"start":{"line":194,"column":31},"end":{"line":194,"column":56}},"118":{"start":{"line":195,"column":4},"end":{"line":195,"column":22}},"119":{"start":{"line":196,"column":4},"end":{"line":196,"column":24}},"120":{"start":{"line":197,"column":4},"end":{"line":197,"column":44}},"121":{"start":{"line":200,"column":0},"end":{"line":210,"column":2}},"122":{"start":{"line":201,"column":4},"end":{"line":201,"column":25}},"123":{"start":{"line":202,"column":4},"end":{"line":202,"column":33}},"124":{"start":{"line":205,"column":4},"end":{"line":205,"column":27}},"125":{"start":{"line":206,"column":4},"end":{"line":206,"column":58}},"126":{"start":{"line":206,"column":31},"end":{"line":206,"column":56}},"127":{"start":{"line":207,"column":4},"end":{"line":207,"column":22}},"128":{"start":{"line":208,"column":4},"end":{"line":208,"column":23}},"129":{"start":{"line":209,"column":4},"end":{"line":209,"column":44}},"130":{"start":{"line":212,"column":0},"end":{"line":218,"column":2}},"131":{"start":{"line":213,"column":4},"end":{"line":217,"column":5}},"132":{"start":{"line":214,"column":8},"end":{"line":214,"column":27}},"133":{"start":{"line":216,"column":8},"end":{"line":216,"column":31}},"134":{"start":{"line":220,"column":0},"end":{"line":226,"column":2}},"135":{"start":{"line":221,"column":4},"end":{"line":225,"column":5}},"136":{"start":{"line":222,"column":8},"end":{"line":222,"column":15}},"137":{"start":{"line":224,"column":8},"end":{"line":224,"column":31}},"138":{"start":{"line":228,"column":0},"end":{"line":240,"column":2}},"139":{"start":{"line":229,"column":4},"end":{"line":229,"column":29}},"140":{"start":{"line":230,"column":4},"end":{"line":230,"column":41}},"141":{"start":{"line":232,"column":4},"end":{"line":239,"column":5}},"142":{"start":{"line":233,"column":8},"end":{"line":233,"column":34}},"143":{"start":{"line":234,"column":8},"end":{"line":234,"column":28}},"144":{"start":{"line":235,"column":8},"end":{"line":235,"column":32}},"145":{"start":{"line":236,"column":8},"end":{"line":236,"column":38}},"146":{"start":{"line":238,"column":8},"end":{"line":238,"column":31}},"147":{"start":{"line":242,"column":0},"end":{"line":254,"column":2}},"148":{"start":{"line":243,"column":4},"end":{"line":243,"column":41}},"149":{"start":{"line":245,"column":4},"end":{"line":251,"column":5}},"150":{"start":{"line":246,"column":8},"end":{"line":246,"column":37}},"151":{"start":{"line":247,"column":8},"end":{"line":247,"column":25}},"152":{"start":{"line":248,"column":11},"end":{"line":251,"column":5}},"153":{"start":{"line":249,"column":8},"end":{"line":249,"column":38}},"154":{"start":{"line":250,"column":8},"end":{"line":250,"column":26}},"155":{"start":{"line":253,"column":4},"end":{"line":253,"column":27}},"156":{"start":{"line":256,"column":0},"end":{"line":267,"column":2}},"157":{"start":{"line":257,"column":4},"end":{"line":257,"column":41}},"158":{"start":{"line":259,"column":4},"end":{"line":259,"column":30}},"159":{"start":{"line":260,"column":4},"end":{"line":260,"column":28}},"160":{"start":{"line":262,"column":4},"end":{"line":266,"column":5}},"161":{"start":{"line":263,"column":8},"end":{"line":263,"column":38}},"162":{"start":{"line":264,"column":11},"end":{"line":266,"column":5}},"163":{"start":{"line":265,"column":8},"end":{"line":265,"column":37}},"164":{"start":{"line":269,"column":0},"end":{"line":271,"column":2}},"165":{"start":{"line":270,"column":4},"end":{"line":270,"column":57}},"166":{"start":{"line":270,"column":32},"end":{"line":270,"column":55}},"167":{"start":{"line":273,"column":0},"end":{"line":287,"column":2}},"168":{"start":{"line":274,"column":4},"end":{"line":274,"column":33}},"169":{"start":{"line":276,"column":4},"end":{"line":284,"column":5}},"170":{"start":{"line":277,"column":8},"end":{"line":277,"column":32}},"171":{"start":{"line":278,"column":8},"end":{"line":278,"column":30}},"172":{"start":{"line":279,"column":8},"end":{"line":283,"column":9}},"173":{"start":{"line":280,"column":12},"end":{"line":280,"column":41}},"174":{"start":{"line":282,"column":12},"end":{"line":282,"column":42}},"175":{"start":{"line":286,"column":4},"end":{"line":286,"column":27}},"176":{"start":{"line":289,"column":0},"end":{"line":302,"column":2}},"177":{"start":{"line":290,"column":4},"end":{"line":290,"column":33}},"178":{"start":{"line":292,"column":4},"end":{"line":301,"column":5}},"179":{"start":{"line":297,"column":8},"end":{"line":297,"column":28}},"180":{"start":{"line":298,"column":8},"end":{"line":298,"column":38}},"181":{"start":{"line":300,"column":8},"end":{"line":300,"column":31}},"182":{"start":{"line":304,"column":0},"end":{"line":317,"column":2}},"183":{"start":{"line":305,"column":4},"end":{"line":305,"column":33}},"184":{"start":{"line":307,"column":4},"end":{"line":316,"column":5}},"185":{"start":{"line":312,"column":8},"end":{"line":312,"column":28}},"186":{"start":{"line":313,"column":8},"end":{"line":313,"column":34}},"187":{"start":{"line":315,"column":8},"end":{"line":315,"column":31}},"188":{"start":{"line":319,"column":0},"end":{"line":341,"column":2}},"189":{"start":{"line":320,"column":4},"end":{"line":320,"column":33}},"190":{"start":{"line":322,"column":4},"end":{"line":338,"column":5}},"191":{"start":{"line":327,"column":8},"end":{"line":327,"column":28}},"192":{"start":{"line":328,"column":8},"end":{"line":328,"column":35}},"193":{"start":{"line":329,"column":8},"end":{"line":329,"column":34}},"194":{"start":{"line":330,"column":11},"end":{"line":338,"column":5}},"195":{"start":{"line":335,"column":8},"end":{"line":335,"column":28}},"196":{"start":{"line":336,"column":8},"end":{"line":336,"column":36}},"197":{"start":{"line":337,"column":8},"end":{"line":337,"column":33}},"198":{"start":{"line":340,"column":4},"end":{"line":340,"column":27}},"199":{"start":{"line":343,"column":0},"end":{"line":356,"column":2}},"200":{"start":{"line":344,"column":4},"end":{"line":344,"column":33}},"201":{"start":{"line":346,"column":4},"end":{"line":346,"column":43}},"202":{"start":{"line":347,"column":4},"end":{"line":347,"column":30}},"203":{"start":{"line":349,"column":4},"end":{"line":355,"column":5}},"204":{"start":{"line":350,"column":8},"end":{"line":350,"column":36}},"205":{"start":{"line":351,"column":8},"end":{"line":351,"column":37}},"206":{"start":{"line":353,"column":8},"end":{"line":353,"column":35}},"207":{"start":{"line":354,"column":8},"end":{"line":354,"column":38}},"208":{"start":{"line":358,"column":0},"end":{"line":358,"column":30}}},"branchMap":{"1":{"line":5,"type":"cond-expr","locations":[{"start":{"line":5,"column":27},"end":{"line":5,"column":32}},{"start":{"line":5,"column":35},"end":{"line":5,"column":45}}]},"2":{"line":20,"type":"if","locations":[{"start":{"line":20,"column":4},"end":{"line":20,"column":4}},{"start":{"line":20,"column":4},"end":{"line":20,"column":4}}]},"3":{"line":25,"type":"if","locations":[{"start":{"line":25,"column":4},"end":{"line":25,"column":4}},{"start":{"line":25,"column":4},"end":{"line":25,"column":4}}]},"4":{"line":26,"type":"cond-expr","locations":[{"start":{"line":26,"column":39},"end":{"line":26,"column":56}},{"start":{"line":26,"column":59},"end":{"line":26,"column":75}}]},"5":{"line":30,"type":"if","locations":[{"start":{"line":30,"column":4},"end":{"line":30,"column":4}},{"start":{"line":30,"column":4},"end":{"line":30,"column":4}}]},"6":{"line":44,"type":"binary-expr","locations":[{"start":{"line":44,"column":8},"end":{"line":44,"column":17}},{"start":{"line":44,"column":21},"end":{"line":44,"column":47}}]},"7":{"line":45,"type":"binary-expr","locations":[{"start":{"line":45,"column":8},"end":{"line":45,"column":18}},{"start":{"line":45,"column":22},"end":{"line":45,"column":49}}]},"8":{"line":50,"type":"binary-expr","locations":[{"start":{"line":50,"column":11},"end":{"line":50,"column":15}},{"start":{"line":50,"column":19},"end":{"line":50,"column":30}}]},"9":{"line":59,"type":"if","locations":[{"start":{"line":59,"column":4},"end":{"line":59,"column":4}},{"start":{"line":59,"column":4},"end":{"line":59,"column":4}}]},"10":{"line":72,"type":"if","locations":[{"start":{"line":72,"column":4},"end":{"line":72,"column":4}},{"start":{"line":72,"column":4},"end":{"line":72,"column":4}}]},"11":{"line":79,"type":"if","locations":[{"start":{"line":79,"column":12},"end":{"line":79,"column":12}},{"start":{"line":79,"column":12},"end":{"line":79,"column":12}}]},"12":{"line":80,"type":"if","locations":[{"start":{"line":80,"column":16},"end":{"line":80,"column":16}},{"start":{"line":80,"column":16},"end":{"line":80,"column":16}}]},"13":{"line":86,"type":"if","locations":[{"start":{"line":86,"column":19},"end":{"line":86,"column":19}},{"start":{"line":86,"column":19},"end":{"line":86,"column":19}}]},"14":{"line":87,"type":"if","locations":[{"start":{"line":87,"column":16},"end":{"line":87,"column":16}},{"start":{"line":87,"column":16},"end":{"line":87,"column":16}}]},"15":{"line":109,"type":"if","locations":[{"start":{"line":109,"column":8},"end":{"line":109,"column":8}},{"start":{"line":109,"column":8},"end":{"line":109,"column":8}}]},"16":{"line":111,"type":"if","locations":[{"start":{"line":111,"column":15},"end":{"line":111,"column":15}},{"start":{"line":111,"column":15},"end":{"line":111,"column":15}}]},"17":{"line":124,"type":"binary-expr","locations":[{"start":{"line":124,"column":11},"end":{"line":124,"column":15}},{"start":{"line":124,"column":19},"end":{"line":124,"column":29}}]},"18":{"line":133,"type":"if","locations":[{"start":{"line":133,"column":4},"end":{"line":133,"column":4}},{"start":{"line":133,"column":4},"end":{"line":133,"column":4}}]},"19":{"line":135,"type":"if","locations":[{"start":{"line":135,"column":4},"end":{"line":135,"column":4}},{"start":{"line":135,"column":4},"end":{"line":135,"column":4}}]},"20":{"line":135,"type":"binary-expr","locations":[{"start":{"line":135,"column":8},"end":{"line":135,"column":26}},{"start":{"line":135,"column":30},"end":{"line":135,"column":49}}]},"21":{"line":146,"type":"cond-expr","locations":[{"start":{"line":146,"column":40},"end":{"line":146,"column":49}},{"start":{"line":146,"column":52},"end":{"line":146,"column":62}}]},"22":{"line":147,"type":"if","locations":[{"start":{"line":147,"column":4},"end":{"line":147,"column":4}},{"start":{"line":147,"column":4},"end":{"line":147,"column":4}}]},"23":{"line":155,"type":"if","locations":[{"start":{"line":155,"column":4},"end":{"line":155,"column":4}},{"start":{"line":155,"column":4},"end":{"line":155,"column":4}}]},"24":{"line":173,"type":"if","locations":[{"start":{"line":173,"column":4},"end":{"line":173,"column":4}},{"start":{"line":173,"column":4},"end":{"line":173,"column":4}}]},"25":{"line":176,"type":"if","locations":[{"start":{"line":176,"column":8},"end":{"line":176,"column":8}},{"start":{"line":176,"column":8},"end":{"line":176,"column":8}}]},"26":{"line":183,"type":"if","locations":[{"start":{"line":183,"column":4},"end":{"line":183,"column":4}},{"start":{"line":183,"column":4},"end":{"line":183,"column":4}}]},"27":{"line":194,"type":"if","locations":[{"start":{"line":194,"column":4},"end":{"line":194,"column":4}},{"start":{"line":194,"column":4},"end":{"line":194,"column":4}}]},"28":{"line":206,"type":"if","locations":[{"start":{"line":206,"column":4},"end":{"line":206,"column":4}},{"start":{"line":206,"column":4},"end":{"line":206,"column":4}}]},"29":{"line":213,"type":"if","locations":[{"start":{"line":213,"column":4},"end":{"line":213,"column":4}},{"start":{"line":213,"column":4},"end":{"line":213,"column":4}}]},"30":{"line":221,"type":"if","locations":[{"start":{"line":221,"column":4},"end":{"line":221,"column":4}},{"start":{"line":221,"column":4},"end":{"line":221,"column":4}}]},"31":{"line":232,"type":"if","locations":[{"start":{"line":232,"column":4},"end":{"line":232,"column":4}},{"start":{"line":232,"column":4},"end":{"line":232,"column":4}}]},"32":{"line":232,"type":"binary-expr","locations":[{"start":{"line":232,"column":8},"end":{"line":232,"column":22}},{"start":{"line":232,"column":26},"end":{"line":232,"column":50}}]},"33":{"line":245,"type":"if","locations":[{"start":{"line":245,"column":4},"end":{"line":245,"column":4}},{"start":{"line":245,"column":4},"end":{"line":245,"column":4}}]},"34":{"line":245,"type":"binary-expr","locations":[{"start":{"line":245,"column":8},"end":{"line":245,"column":34}},{"start":{"line":245,"column":38},"end":{"line":245,"column":70}}]},"35":{"line":248,"type":"if","locations":[{"start":{"line":248,"column":11},"end":{"line":248,"column":11}},{"start":{"line":248,"column":11},"end":{"line":248,"column":11}}]},"36":{"line":248,"type":"binary-expr","locations":[{"start":{"line":248,"column":15},"end":{"line":248,"column":40}},{"start":{"line":248,"column":44},"end":{"line":248,"column":77}}]},"37":{"line":262,"type":"if","locations":[{"start":{"line":262,"column":4},"end":{"line":262,"column":4}},{"start":{"line":262,"column":4},"end":{"line":262,"column":4}}]},"38":{"line":262,"type":"binary-expr","locations":[{"start":{"line":262,"column":8},"end":{"line":262,"column":33}},{"start":{"line":262,"column":37},"end":{"line":262,"column":69}}]},"39":{"line":264,"type":"if","locations":[{"start":{"line":264,"column":11},"end":{"line":264,"column":11}},{"start":{"line":264,"column":11},"end":{"line":264,"column":11}}]},"40":{"line":264,"type":"binary-expr","locations":[{"start":{"line":264,"column":15},"end":{"line":264,"column":41}},{"start":{"line":264,"column":45},"end":{"line":264,"column":78}}]},"41":{"line":270,"type":"if","locations":[{"start":{"line":270,"column":4},"end":{"line":270,"column":4}},{"start":{"line":270,"column":4},"end":{"line":270,"column":4}}]},"42":{"line":276,"type":"if","locations":[{"start":{"line":276,"column":4},"end":{"line":276,"column":4}},{"start":{"line":276,"column":4},"end":{"line":276,"column":4}}]},"43":{"line":279,"type":"if","locations":[{"start":{"line":279,"column":8},"end":{"line":279,"column":8}},{"start":{"line":279,"column":8},"end":{"line":279,"column":8}}]},"44":{"line":292,"type":"if","locations":[{"start":{"line":292,"column":4},"end":{"line":292,"column":4}},{"start":{"line":292,"column":4},"end":{"line":292,"column":4}}]},"45":{"line":292,"type":"binary-expr","locations":[{"start":{"line":292,"column":8},"end":{"line":292,"column":40}},{"start":{"line":293,"column":8},"end":{"line":293,"column":36}},{"start":{"line":294,"column":8},"end":{"line":294,"column":41}},{"start":{"line":295,"column":8},"end":{"line":295,"column":42}}]},"46":{"line":307,"type":"if","locations":[{"start":{"line":307,"column":4},"end":{"line":307,"column":4}},{"start":{"line":307,"column":4},"end":{"line":307,"column":4}}]},"47":{"line":307,"type":"binary-expr","locations":[{"start":{"line":307,"column":8},"end":{"line":307,"column":38}},{"start":{"line":308,"column":8},"end":{"line":308,"column":36}},{"start":{"line":309,"column":8},"end":{"line":309,"column":41}},{"start":{"line":310,"column":8},"end":{"line":310,"column":42}}]},"48":{"line":322,"type":"if","locations":[{"start":{"line":322,"column":4},"end":{"line":322,"column":4}},{"start":{"line":322,"column":4},"end":{"line":322,"column":4}}]},"49":{"line":322,"type":"binary-expr","locations":[{"start":{"line":322,"column":8},"end":{"line":322,"column":33}},{"start":{"line":323,"column":8},"end":{"line":323,"column":36}},{"start":{"line":324,"column":8},"end":{"line":324,"column":39}},{"start":{"line":325,"column":8},"end":{"line":325,"column":42}}]},"50":{"line":330,"type":"if","locations":[{"start":{"line":330,"column":11},"end":{"line":330,"column":11}},{"start":{"line":330,"column":11},"end":{"line":330,"column":11}}]},"51":{"line":330,"type":"binary-expr","locations":[{"start":{"line":330,"column":15},"end":{"line":330,"column":41}},{"start":{"line":331,"column":15},"end":{"line":331,"column":43}},{"start":{"line":332,"column":15},"end":{"line":332,"column":47}},{"start":{"line":333,"column":15},"end":{"line":333,"column":48}}]},"52":{"line":349,"type":"if","locations":[{"start":{"line":349,"column":4},"end":{"line":349,"column":4}},{"start":{"line":349,"column":4},"end":{"line":349,"column":4}}]}}}}