TN:
SF:/home/sss/Projects/insection/lib/Insection.js
FN:5,augmenter
FN:34,defaultValueComparer
FN:40,intervalComparer
FN:52,Insection
FN:58,(anonymous_5)
FN:65,(anonymous_6)
FN:92,(anonymous_7)
FN:97,(anonymous_8)
FN:101,(anonymous_9)
FN:111,(anonymous_10)
FN:121,(anonymous_11)
FN:131,(anonymous_12)
FN:136,(anonymous_13)
FN:138,(anonymous_14)
FN:170,(anonymous_15)
FN:171,(anonymous_16)
FN:176,(anonymous_17)
FN:177,(anonymous_18)
FNF:18
FNH:17
FNDA:2681,augmenter
FNDA:26,defaultValueComparer
FNDA:1393,intervalComparer
FNDA:82,Insection
FNDA:1269,(anonymous_5)
FNDA:1149,(anonymous_6)
FNDA:0,(anonymous_7)
FNDA:7,(anonymous_8)
FNDA:479,(anonymous_9)
FNDA:17,(anonymous_10)
FNDA:48,(anonymous_11)
FNDA:124,(anonymous_12)
FNDA:48,(anonymous_13)
FNDA:57,(anonymous_14)
FNDA:18,(anonymous_15)
FNDA:88,(anonymous_16)
FNDA:15,(anonymous_17)
FNDA:94,(anonymous_18)
DA:1,1
DA:2,1
DA:3,1
DA:5,1
DA:6,2681
DA:7,2681
DA:9,1961
DA:10,1961
DA:12,1961
DA:13,1209
DA:18,1961
DA:19,732
DA:22,1961
DA:23,1137
DA:26,1961
DA:34,1
DA:35,26
DA:36,22
DA:37,17
DA:40,1
DA:41,1393
DA:42,1173
DA:43,202
DA:44,193
DA:45,52
DA:46,51
DA:47,50
DA:48,49
DA:49,48
DA:52,1
DA:53,82
DA:54,1
DA:56,81
DA:58,81
DA:59,1269
DA:60,1269
DA:61,26
DA:65,1
DA:66,1149
DA:67,546
DA:68,541
DA:71,5
DA:74,603
DA:75,197
DA:78,406
DA:79,406
DA:80,406
DA:86,6
DA:89,400
DA:92,1
DA:93,0
DA:97,1
DA:98,7
DA:101,1
DA:102,479
DA:103,479
DA:104,479
DA:105,479
DA:107,479
DA:108,479
DA:111,1
DA:112,17
DA:113,17
DA:114,17
DA:115,17
DA:117,17
DA:118,17
DA:121,1
DA:122,48
DA:123,48
DA:124,1
DA:127,47
DA:128,1
DA:131,46
DA:132,124
DA:136,1
DA:137,48
DA:138,57
DA:141,48
DA:142,48
DA:143,1
DA:146,47
DA:147,47
DA:149,47
DA:150,303
DA:152,303
DA:153,267
DA:156,303
DA:157,303
DA:158,145
DA:161,303
DA:162,303
DA:163,111
DA:167,47
DA:170,1
DA:171,18
DA:172,88
DA:176,1
DA:177,15
DA:178,94
DA:182,1
LF:101
LH:100
BRDA:7,1,0,720
BRDA:7,1,1,1961
BRDA:7,2,0,2681
BRDA:7,2,1,1214
BRDA:12,3,0,1209
BRDA:12,3,1,752
BRDA:12,4,0,1961
BRDA:12,4,1,1467
BRDA:12,4,2,259
BRDA:12,4,3,259
BRDA:18,5,0,732
BRDA:18,5,1,1229
BRDA:18,6,0,1961
BRDA:18,6,1,1467
BRDA:18,6,2,736
BRDA:18,6,3,520
BRDA:22,7,0,1137
BRDA:22,7,1,824
BRDA:22,8,0,1961
BRDA:22,8,1,1768
BRDA:22,8,2,677
BRDA:22,8,3,228
BRDA:35,9,0,4
BRDA:35,9,1,22
BRDA:36,10,0,5
BRDA:36,10,1,17
BRDA:41,11,0,220
BRDA:41,11,1,1173
BRDA:42,12,0,971
BRDA:42,12,1,202
BRDA:43,13,0,9
BRDA:43,13,1,193
BRDA:44,14,0,141
BRDA:44,14,1,52
BRDA:45,15,0,1
BRDA:45,15,1,51
BRDA:45,16,0,52
BRDA:45,16,1,41
BRDA:46,17,0,1
BRDA:46,17,1,50
BRDA:46,18,0,51
BRDA:46,18,1,11
BRDA:47,19,0,1
BRDA:47,19,1,49
BRDA:47,20,0,50
BRDA:47,20,1,38
BRDA:48,21,0,1
BRDA:48,21,1,48
BRDA:48,22,0,49
BRDA:48,22,1,12
BRDA:53,23,0,1
BRDA:53,23,1,81
BRDA:56,24,0,81
BRDA:56,24,1,81
BRDA:60,25,0,1243
BRDA:60,25,1,26
BRDA:66,26,0,546
BRDA:66,26,1,603
BRDA:67,27,0,541
BRDA:67,27,1,5
BRDA:74,28,0,197
BRDA:74,28,1,406
BRDA:80,29,0,6
BRDA:80,29,1,400
BRDA:81,30,0,406
BRDA:81,30,1,405
BRDA:81,30,2,401
BRDA:81,30,3,400
BRDA:84,31,0,400
BRDA:84,31,1,1
BRDA:123,32,0,1
BRDA:123,32,1,47
BRDA:127,33,0,1
BRDA:127,33,1,46
BRDA:137,34,0,5
BRDA:137,34,1,43
BRDA:142,35,0,1
BRDA:142,35,1,47
BRDA:152,36,0,267
BRDA:152,36,1,36
BRDA:157,37,0,145
BRDA:157,37,1,158
BRDA:157,38,0,303
BRDA:157,38,1,145
BRDA:162,39,0,111
BRDA:162,39,1,192
BRDA:162,40,0,303
BRDA:162,40,1,153
BRF:88
BRH:88
end_of_record
TN:
SF:/home/sss/Projects/insection/lib/InvalidIntervalError.js
FN:1,InvalidIntervalError
FNF:1
FNH:1
FNDA:11,InvalidIntervalError
DA:1,1
DA:2,11
DA:3,11
DA:4,11
DA:12,11
DA:14,1
DA:16,1
LF:7
LH:7
BRF:0
BRH:0
end_of_record
TN:
SF:/home/sss/Projects/insection/lib/Interval.js
FN:3,isInfinite
FN:7,Interval
FN:12,(anonymous_3)
FN:30,(anonymous_4)
FN:35,(anonymous_5)
FN:47,OpenOpenInterval
FN:53,(anonymous_7)
FN:54,(anonymous_8)
FN:56,OpenClosedInterval
FN:62,(anonymous_10)
FN:63,(anonymous_11)
FN:65,ClosedOpenInterval
FN:71,(anonymous_13)
FN:72,(anonymous_14)
FN:74,ClosedClosedInterval
FN:80,(anonymous_16)
FN:81,(anonymous_17)
FNF:17
FNH:17
FNDA:3277,isInfinite
FNDA:2356,Interval
FNDA:2361,(anonymous_3)
FNDA:346,(anonymous_4)
FNDA:604,(anonymous_5)
FNDA:196,OpenOpenInterval
FNDA:27,(anonymous_7)
FNDA:22,(anonymous_8)
FNDA:710,OpenClosedInterval
FNDA:23,(anonymous_10)
FNDA:161,(anonymous_11)
FNDA:337,ClosedOpenInterval
FNDA:112,(anonymous_13)
FNDA:78,(anonymous_14)
FNDA:1113,ClosedClosedInterval
FNDA:439,(anonymous_16)
FNDA:825,(anonymous_17)
DA:1,1
DA:3,1
DA:4,3277
DA:7,1
DA:8,2356
DA:9,2356
DA:12,1
DA:13,2361
DA:15,1114
DA:16,1
DA:18,1113
DA:20,338
DA:21,337
DA:23,711
DA:24,710
DA:25,196
DA:26,2
DA:30,1
DA:31,346
DA:35,1
DA:36,604
DA:47,1
DA:48,196
DA:49,196
DA:50,196
DA:52,1
DA:53,27
DA:54,22
DA:56,1
DA:57,710
DA:58,710
DA:59,710
DA:61,1
DA:62,23
DA:63,161
DA:65,1
DA:66,337
DA:67,337
DA:68,337
DA:70,1
DA:71,112
DA:72,78
DA:74,1
DA:75,1113
DA:76,1113
DA:77,1113
DA:79,1
DA:80,439
DA:81,825
DA:82,1
LF:50
LH:50
BRDA:4,1,0,3277
BRDA:4,1,1,3275
BRDA:13,2,0,1114
BRDA:13,2,1,338
BRDA:13,2,2,711
BRDA:13,2,3,196
BRDA:13,2,4,2
BRDA:15,3,0,1
BRDA:15,3,1,1113
BRDA:15,4,0,1114
BRDA:15,4,1,1114
BRDA:20,5,0,1
BRDA:20,5,1,337
BRDA:23,6,0,1
BRDA:23,6,1,710
BRDA:31,7,0,44
BRDA:31,7,1,302
BRDA:38,8,0,604
BRDA:38,8,1,557
BRDA:38,8,2,554
BRDA:38,8,3,159
BRDA:38,8,4,145
BRDA:38,8,5,536
BRDA:38,8,6,42
BRDA:38,8,7,30
BRF:25
BRH:25
end_of_record
TN:
SF:/home/sss/Projects/insection/lib/RedBlackTree.js
FN:4,nodeColor
FN:11,Node
FN:19,(anonymous_3)
FN:24,(anonymous_4)
FN:29,(anonymous_5)
FN:34,RedBlackTree
FN:41,(anonymous_7)
FN:49,(anonymous_8)
FN:58,(anonymous_9)
FN:65,(anonymous_10)
FN:69,(anonymous_11)
FN:105,(anonymous_12)
FN:120,(anonymous_13)
FN:121,(anonymous_14)
FN:127,(anonymous_15)
FN:129,(anonymous_16)
FN:160,Balancer
FN:164,(anonymous_18)
FN:168,(anonymous_19)
FN:172,(anonymous_20)
FN:188,(anonymous_21)
FN:200,(anonymous_22)
FN:212,(anonymous_23)
FN:220,(anonymous_24)
FN:228,(anonymous_25)
FN:242,(anonymous_26)
FN:256,(anonymous_27)
FN:269,(anonymous_28)
FN:273,(anonymous_29)
FN:289,(anonymous_30)
FN:304,(anonymous_31)
FN:319,(anonymous_32)
FN:343,(anonymous_33)
FNF:33
FNH:33
FNDA:909,nodeColor
FNDA:479,Node
FNDA:887,(anonymous_3)
FNDA:471,(anonymous_4)
FNDA:425,(anonymous_5)
FNDA:81,RedBlackTree
FNDA:2681,(anonymous_7)
FNDA:778,(anonymous_8)
FNDA:793,(anonymous_9)
FNDA:534,(anonymous_10)
FNDA:479,(anonymous_11)
FNDA:63,(anonymous_12)
FNDA:46,(anonymous_13)
FNDA:124,(anonymous_14)
FNDA:17,(anonymous_15)
FNDA:54,(anonymous_16)
FNDA:81,Balancer
FNDA:478,(anonymous_18)
FNDA:8,(anonymous_19)
FNDA:299,(anonymous_20)
FNDA:223,(anonymous_21)
FNDA:60,(anonymous_22)
FNDA:672,(anonymous_23)
FNDA:537,(anonymous_24)
FNDA:425,(anonymous_25)
FNDA:231,(anonymous_26)
FNDA:231,(anonymous_27)
FNDA:12,(anonymous_28)
FNDA:12,(anonymous_29)
FNDA:12,(anonymous_30)
FNDA:8,(anonymous_31)
FNDA:7,(anonymous_32)
FNDA:7,(anonymous_33)
DA:4,1
DA:5,909
DA:8,1
DA:9,1
DA:11,1
DA:12,479
DA:13,479
DA:14,479
DA:15,479
DA:16,479
DA:19,1
DA:20,887
DA:21,887
DA:24,1
DA:25,471
DA:26,471
DA:29,1
DA:30,425
DA:31,425
DA:34,1
DA:35,81
DA:36,81
DA:37,81
DA:38,81
DA:41,1
DA:42,2681
DA:49,1
DA:50,778
DA:52,778
DA:53,1903
DA:54,1903
DA:58,1
DA:59,793
DA:60,778
DA:61,778
DA:65,1
DA:66,534
DA:69,1
DA:70,479
DA:72,479
DA:73,62
DA:75,417
DA:77,417
DA:78,1215
DA:79,1215
DA:80,165
DA:81,92
DA:82,92
DA:84,73
DA:86,1050
DA:87,1049
DA:88,324
DA:89,324
DA:91,725
DA:94,1
DA:95,1
DA:99,416
DA:101,478
DA:102,478
DA:105,1
DA:106,63
DA:107,63
DA:108,178
DA:109,178
DA:110,70
DA:111,108
DA:112,70
DA:114,38
DA:117,25
DA:120,1
DA:121,46
DA:122,124
DA:124,46
DA:127,1
DA:128,17
DA:129,17
DA:130,54
DA:133,17
DA:135,16
DA:136,4
DA:137,4
DA:138,2
DA:140,4
DA:141,4
DA:144,16
DA:146,16
DA:147,16
DA:148,8
DA:149,8
DA:152,16
DA:153,16
DA:155,16
DA:156,0
DA:160,1
DA:161,81
DA:164,1
DA:165,478
DA:168,1
DA:169,8
DA:172,1
DA:173,299
DA:174,100
DA:176,199
DA:177,39
DA:179,160
DA:183,299
DA:184,284
DA:188,1
DA:189,223
DA:190,223
DA:193,223
DA:194,223
DA:195,223
DA:196,223
DA:197,223
DA:200,1
DA:201,60
DA:202,60
DA:205,60
DA:206,60
DA:207,60
DA:208,60
DA:209,60
DA:212,1
DA:213,672
DA:214,135
DA:216,537
DA:220,1
DA:221,537
DA:222,112
DA:224,425
DA:228,1
DA:229,425
DA:230,425
DA:232,425
DA:233,194
DA:234,194
DA:235,194
DA:236,194
DA:238,231
DA:242,1
DA:243,231
DA:245,231
DA:246,25
DA:247,25
DA:248,206
DA:249,17
DA:250,17
DA:253,231
DA:256,1
DA:257,231
DA:259,231
DA:260,231
DA:262,231
DA:263,42
DA:264,189
DA:265,189
DA:269,1
DA:270,12
DA:273,1
DA:274,12
DA:276,12
DA:277,2
DA:278,2
DA:279,2
DA:280,2
DA:282,0
DA:286,12
DA:289,1
DA:290,12
DA:292,12
DA:297,4
DA:298,4
DA:300,8
DA:304,1
DA:305,8
DA:307,8
DA:312,1
DA:313,1
DA:315,7
DA:319,1
DA:320,7
DA:322,7
DA:327,0
DA:328,0
DA:329,0
DA:330,7
DA:335,1
DA:336,1
DA:337,1
DA:340,7
DA:343,1
DA:344,7
DA:346,7
DA:347,7
DA:349,7
DA:350,6
DA:351,6
DA:353,1
DA:354,1
DA:358,1
LF:201
LH:196
BRDA:5,1,0,23
BRDA:5,1,1,886
BRDA:20,2,0,0
BRDA:20,2,1,887
BRDA:25,3,0,0
BRDA:25,3,1,471
BRDA:26,4,0,104
BRDA:26,4,1,367
BRDA:30,5,0,0
BRDA:30,5,1,425
BRDA:44,6,0,2681
BRDA:44,6,1,1467
BRDA:45,7,0,2681
BRDA:45,7,1,1768
BRDA:50,8,0,778
BRDA:50,8,1,778
BRDA:59,9,0,778
BRDA:59,9,1,15
BRDA:72,10,0,62
BRDA:72,10,1,417
BRDA:79,11,0,165
BRDA:79,11,1,1050
BRDA:80,12,0,92
BRDA:80,12,1,73
BRDA:86,13,0,1049
BRDA:86,13,1,1
BRDA:87,14,0,324
BRDA:87,14,1,725
BRDA:109,15,0,70
BRDA:109,15,1,108
BRDA:111,16,0,70
BRDA:111,16,1,38
BRDA:124,17,0,46
BRDA:124,17,1,22
BRDA:133,18,0,1
BRDA:133,18,1,16
BRDA:135,19,0,4
BRDA:135,19,1,12
BRDA:135,20,0,16
BRDA:135,20,1,4
BRDA:146,21,0,15
BRDA:146,21,1,1
BRDA:147,22,0,8
BRDA:147,22,1,8
BRDA:155,23,0,0
BRDA:155,23,1,16
BRDA:173,24,0,100
BRDA:173,24,1,199
BRDA:176,25,0,39
BRDA:176,25,1,160
BRDA:183,26,0,284
BRDA:183,26,1,15
BRDA:194,27,0,54
BRDA:194,27,1,169
BRDA:206,28,0,0
BRDA:206,28,1,60
BRDA:213,29,0,135
BRDA:213,29,1,537
BRDA:221,30,0,112
BRDA:221,30,1,425
BRDA:232,31,0,194
BRDA:232,31,1,231
BRDA:232,32,0,425
BRDA:232,32,1,242
BRDA:245,33,0,25
BRDA:245,33,1,206
BRDA:245,34,0,231
BRDA:245,34,1,197
BRDA:248,35,0,17
BRDA:248,35,1,189
BRDA:248,36,0,206
BRDA:248,36,1,34
BRDA:262,37,0,42
BRDA:262,37,1,189
BRDA:262,38,0,231
BRDA:262,38,1,42
BRDA:264,39,0,189
BRDA:264,39,1,0
BRDA:264,40,0,189
BRDA:264,40,1,189
BRDA:270,41,0,12
BRDA:270,41,1,0
BRDA:276,42,0,2
BRDA:276,42,1,10
BRDA:279,43,0,2
BRDA:279,43,1,0
BRDA:292,44,0,4
BRDA:292,44,1,8
BRDA:292,45,0,12
BRDA:292,45,1,8
BRDA:292,45,2,8
BRDA:292,45,3,8
BRDA:307,46,0,1
BRDA:307,46,1,7
BRDA:307,47,0,8
BRDA:307,47,1,4
BRDA:307,47,2,4
BRDA:307,47,3,4
BRDA:322,48,0,0
BRDA:322,48,1,7
BRDA:322,49,0,7
BRDA:322,49,1,6
BRDA:322,49,2,6
BRDA:322,49,3,0
BRDA:330,50,0,1
BRDA:330,50,1,6
BRDA:330,51,0,7
BRDA:330,51,1,1
BRDA:330,51,2,1
BRDA:330,51,3,1
BRDA:349,52,0,6
BRDA:349,52,1,1
BRF:112
BRH:102
end_of_record
